<?xml version="1.0" encoding="UTF-8"?>
<testng-results ignored="0" total="2" passed="2" failed="0" skipped="0">
  <reporter-output>
  </reporter-output>
  <suite started-at="2022-12-08T18:28:52 IST" name="Default suite" finished-at="2022-12-08T18:29:12 IST" duration-ms="19784">
    <groups>
    </groups>
    <test started-at="2022-12-08T18:28:52 IST" name="Default test" finished-at="2022-12-08T18:29:12 IST" duration-ms="19784">
      <class name="subratpattanaik.ScreenAutoTest">
        <test-method is-config="true" signature="openAppium()[pri:0, instance:subratpattanaik.ScreenAutoTest@52af26ee]" started-at="2022-12-08T18:28:52 IST" name="openAppium" finished-at="2022-12-08T18:28:58 IST" duration-ms="5963" status="PASS">
          <reporter-output>
          </reporter-output>
        </test-method> <!-- openAppium -->
        <test-method signature="startServer()[pri:0, instance:subratpattanaik.ScreenAutoTest@52af26ee]" started-at="2022-12-08T18:28:58 IST" name="startServer" finished-at="2022-12-08T18:29:05 IST" duration-ms="6803" status="PASS">
          <reporter-output>
          </reporter-output>
        </test-method> <!-- startServer -->
        <test-method signature="wifiSettingTest()[pri:0, instance:subratpattanaik.ScreenAutoTest@52af26ee]" started-at="2022-12-08T18:29:05 IST" name="wifiSettingTest" finished-at="2022-12-08T18:29:11 IST" duration-ms="6458" status="PASS">
          <reporter-output>
          </reporter-output>
        </test-method> <!-- wifiSettingTest -->
        <test-method is-config="true" signature="stopServer()[pri:0, instance:subratpattanaik.ScreenAutoTest@52af26ee]" started-at="2022-12-08T18:29:11 IST" name="stopServer" finished-at="2022-12-08T18:29:12 IST" duration-ms="537" status="PASS">
          <reporter-output>
          </reporter-output>
        </test-method> <!-- stopServer -->
      </class> <!-- subratpattanaik.ScreenAutoTest -->
    </test> <!-- Default test -->
  </suite> <!-- Default suite -->
</testng-results>
