<?xml version="1.0" encoding="UTF-8"?>
<testng-results ignored="0" total="1" passed="1" failed="0" skipped="0">
  <reporter-output>
  </reporter-output>
  <suite started-at="2022-12-13T22:41:58 IST" name="Default suite" finished-at="2022-12-13T22:42:13 IST" duration-ms="15119">
    <groups>
    </groups>
    <test started-at="2022-12-13T22:41:58 IST" name="Default test" finished-at="2022-12-13T22:42:13 IST" duration-ms="15119">
      <class name="subratpattanaik.AndroidDragDropGestures">
        <test-method is-config="true" signature="openAppium()[pri:0, instance:subratpattanaik.AndroidDragDropGestures@d5b810e]" started-at="2022-12-13T22:41:58 IST" name="openAppium" finished-at="2022-12-13T22:42:04 IST" duration-ms="5877" status="PASS">
          <reporter-output>
          </reporter-output>
        </test-method> <!-- openAppium -->
        <test-method signature="dragDropAction()[pri:0, instance:subratpattanaik.AndroidDragDropGestures@d5b810e]" started-at="2022-12-13T22:42:04 IST" name="dragDropAction" finished-at="2022-12-13T22:42:13 IST" duration-ms="9013" status="PASS">
          <reporter-output>
          </reporter-output>
        </test-method> <!-- dragDropAction -->
        <test-method is-config="true" signature="stopServer()[pri:0, instance:subratpattanaik.AndroidDragDropGestures@d5b810e]" started-at="2022-12-13T22:42:13 IST" name="stopServer" finished-at="2022-12-13T22:42:13 IST" duration-ms="209" status="PASS">
          <reporter-output>
          </reporter-output>
        </test-method> <!-- stopServer -->
      </class> <!-- subratpattanaik.AndroidDragDropGestures -->
    </test> <!-- Default test -->
  </suite> <!-- Default suite -->
</testng-results>
